  Actor.cpp
  AudioComponent.cpp
  AudioSystem.cpp
  BallActor.cpp
  BallMove.cpp
  BoxComponent.cpp
  CameraComponent.cpp
  Collision.cpp
  Component.cpp
  DialogBox.cpp
  Font.cpp
  FPSActor.cpp
  FPSCamera.cpp
  Game.cpp
  HUD.cpp
  Main.cpp
  Math.cpp
  Mesh.cpp
E:\dev\GIT REPOS\SDL-OpenGL-UI\Mesh.cpp(117,74): warning C4244: 'argument': conversion from 'double' to 'float', possible loss of data
E:\dev\GIT REPOS\SDL-OpenGL-UI\Mesh.cpp(117,53): warning C4244: 'argument': conversion from 'double' to 'float', possible loss of data
E:\dev\GIT REPOS\SDL-OpenGL-UI\Mesh.cpp(117,32): warning C4244: 'argument': conversion from 'double' to 'float', possible loss of data
  MeshComponent.cpp
  MoveComponent.cpp
  Generating Code...
  Compiling...
  PauseMenu.cpp
  PhysWorld.cpp
  PlaneActor.cpp
  Renderer.cpp
  Shader.cpp
  SoundEvent.cpp
  SpriteComponent.cpp
  TargetActor.cpp
  Texture.cpp
  UIScreen.cpp
  VertexArray.cpp
  Generating Code...
Game.obj : error LNK2019: unresolved external symbol "public: __thiscall HUD::HUD(class Game *)" (??0HUD@@QAE@PAVGame@@@Z) referenced in function "private: void __thiscall Game::LoadData(void)" (?LoadData@Game@@AAEXXZ)
Game.obj : error LNK2019: unresolved external symbol "public: __thiscall PauseMenu::PauseMenu(class Game *)" (??0PauseMenu@@QAE@PAVGame@@@Z) referenced in function "private: void __thiscall Game::HandleKeyPress(int)" (?HandleKeyPress@Game@@AAEXH@Z)
E:\dev\GIT REPOS\SDL-OpenGL-UI\Debug\Game.exe : fatal error LNK1120: 2 unresolved externals
