e:\dev\downloads\code\chapter10\debug\vc142.pdb
e:\dev\downloads\code\chapter10\debug\vc142.idb
e:\dev\downloads\code\chapter10\debug\renderer.obj
e:\dev\downloads\code\chapter10\debug\planeactor.obj
e:\dev\downloads\code\chapter10\debug\physworld.obj
e:\dev\downloads\code\chapter10\debug\movecomponent.obj
e:\dev\downloads\code\chapter10\debug\meshcomponent.obj
e:\dev\downloads\code\chapter10\debug\mesh.obj
e:\dev\downloads\code\chapter10\debug\math.obj
e:\dev\downloads\code\chapter10\debug\main.obj
e:\dev\downloads\code\chapter10\debug\game.obj
e:\dev\downloads\code\chapter10\debug\fpscamera.obj
e:\dev\downloads\code\chapter10\debug\fpsactor.obj
e:\dev\downloads\code\chapter10\debug\component.obj
e:\dev\downloads\code\chapter10\debug\collision.obj
e:\dev\downloads\code\chapter10\debug\cameracomponent.obj
e:\dev\downloads\code\chapter10\debug\boxcomponent.obj
e:\dev\downloads\code\chapter10\debug\ballmove.obj
e:\dev\downloads\code\chapter10\debug\ballactor.obj
e:\dev\downloads\code\chapter10\debug\audiosystem.obj
e:\dev\downloads\code\chapter10\debug\audiocomponent.obj
e:\dev\downloads\code\chapter10\debug\actor.obj
e:\dev\downloads\code\chapter10\debug\vertexarray.obj
e:\dev\downloads\code\chapter10\debug\texture.obj
e:\dev\downloads\code\chapter10\debug\targetactor.obj
e:\dev\downloads\code\chapter10\debug\spritecomponent.obj
e:\dev\downloads\code\chapter10\debug\soundevent.obj
e:\dev\downloads\code\chapter10\debug\shader.obj
e:\dev\git repos\sdl-opengl-ui\debug\vc142.pdb
e:\dev\git repos\sdl-opengl-ui\debug\vc142.idb
e:\dev\git repos\sdl-opengl-ui\debug\renderer.obj
e:\dev\git repos\sdl-opengl-ui\debug\planeactor.obj
e:\dev\git repos\sdl-opengl-ui\debug\physworld.obj
e:\dev\git repos\sdl-opengl-ui\debug\movecomponent.obj
e:\dev\git repos\sdl-opengl-ui\debug\meshcomponent.obj
e:\dev\git repos\sdl-opengl-ui\debug\mesh.obj
e:\dev\git repos\sdl-opengl-ui\debug\math.obj
e:\dev\git repos\sdl-opengl-ui\debug\main.obj
e:\dev\git repos\sdl-opengl-ui\debug\game.obj
e:\dev\git repos\sdl-opengl-ui\debug\fpscamera.obj
e:\dev\git repos\sdl-opengl-ui\debug\fpsactor.obj
e:\dev\git repos\sdl-opengl-ui\debug\component.obj
e:\dev\git repos\sdl-opengl-ui\debug\collision.obj
e:\dev\git repos\sdl-opengl-ui\debug\cameracomponent.obj
e:\dev\git repos\sdl-opengl-ui\debug\boxcomponent.obj
e:\dev\git repos\sdl-opengl-ui\debug\ballmove.obj
e:\dev\git repos\sdl-opengl-ui\debug\ballactor.obj
e:\dev\git repos\sdl-opengl-ui\debug\audiosystem.obj
e:\dev\git repos\sdl-opengl-ui\debug\audiocomponent.obj
e:\dev\git repos\sdl-opengl-ui\debug\actor.obj
e:\dev\git repos\sdl-opengl-ui\debug\vertexarray.obj
e:\dev\git repos\sdl-opengl-ui\debug\texture.obj
e:\dev\git repos\sdl-opengl-ui\debug\targetactor.obj
e:\dev\git repos\sdl-opengl-ui\debug\spritecomponent.obj
e:\dev\git repos\sdl-opengl-ui\debug\soundevent.obj
e:\dev\git repos\sdl-opengl-ui\debug\shader.obj
e:\dev\downloads\code\chapter10\debug\game.ilk
e:\dev\downloads\code\chapter10\debug\game.exe
e:\dev\downloads\code\chapter10\debug\game.pdb
e:\dev\git repos\sdl-opengl-ui\debug\game.exe
e:\dev\git repos\sdl-opengl-ui\debug\game.ilk
e:\dev\git repos\sdl-opengl-ui\debug\game.pdb
e:\dev\git repos\sdl-opengl-ui\debug\game.tlog\cl.command.1.tlog
e:\dev\git repos\sdl-opengl-ui\debug\game.tlog\cl.read.1.tlog
e:\dev\git repos\sdl-opengl-ui\debug\game.tlog\cl.write.1.tlog
e:\dev\git repos\sdl-opengl-ui\debug\game.tlog\link.command.1.tlog
e:\dev\git repos\sdl-opengl-ui\debug\game.tlog\link.read.1.tlog
e:\dev\git repos\sdl-opengl-ui\debug\game.tlog\link.write.1.tlog
